<?xml version="1.0" encoding="UTF-8"?>
<!-- Generated by org.testng.reporters.JUnitReportReporter -->
<testsuite hostname="DESKTOP-GFU6O22" failures="0" tests="1" name="usersapi.UpdateUser" time="1.559" errors="0" timestamp="2023-10-03T18:44:32 IST" skipped="0">
  <testcase classname="usersapi.UpdateUser" name="updateUserInfo" time="1.559"/>
  <system-out/>
</testsuite> <!-- usersapi.UpdateUser -->
