<?xml version="1.0" encoding="UTF-8"?>
<!-- Generated by org.testng.reporters.JUnitReportReporter -->
<testsuite hostname="DESKTOP-GFU6O22" failures="0" tests="1" name="hashMapParsing.Example1" time="1.869" errors="0" timestamp="2024-04-27T11:37:54 IST" skipped="0">
  <testcase classname="hashMapParsing.Example1" name="sendPostRequestUsingHashMap" time="1.869"/>
  <system-out/>
</testsuite> <!-- hashMapParsing.Example1 -->
